


ARM Macro Assembler    Page 1 


    1 00000000         ;Simple Keil tools demonstration program
    2 00000000         ;Modified from J.R. Gibson (7/14/07)
    3 00000000         ;Modified by D. Egbert ver. 2.0 1/28/10
    4 00000000         ;
    5 00000000                 AREA             Assembly1, CODE, READONLY
    6 00000000                 EXPORT           __main
    7 00000000         __main
    8 00000000                 ENTRY
    9 00000000 E59F3038 
                       mystart LDR              r3,= 0x40001000 ;point to RAM l
                                                            ocation
   10 00000004         ;
   11 00000004         ;*******************************************************
                       *****************
   12 00000004         ; For other programs (projects) replace the code below w
                       ith new code.
   13 00000004         ; Leave the code outside the ******* lines as is for all
                        programs.
   14 00000004         ; begin initialize data
   15 00000004         
   16 00000004 E59F1034        LDR              r1,= 0x40001000 ;Load the first
                                                             address
   17 00000008 E5D11000        LDRB             r1, [r1]    ;Load the value at 
                                                            the first address
   18 0000000C         
   19 0000000C E59F2030        LDR              r2,= 0x40001004 ;Load the count
                                                             address
   20 00000010 E5D22000        LDRB             r2, [r2]    ;Load the count val
                                                            ue from the address
                                                            
   21 00000014         
   22 00000014 E3A03000        LDR              r3,= 0      ;Set r3 to the cons
                                                            tant 0, for compari
                                                            son
   23 00000018         
   24 00000018 E1520003 
                       LOOP    CMP              r2, r3      ;Compare the counte
                                                            r to 0
   25 0000001C 0A000003        BEQ              STORE       ;If the counter equ
                                                            als 0 store the val
                                                            ue
   26 00000020 CAFFFFFF        BGT              LSHIFT      ;If the counter doe
                                                            s not yet equal zer
                                                            o go to LSHIFT
   27 00000024         
   28 00000024 E1A01081 
                       LSHIFT  LSL              r1, #1      ;Shift the value at
                                                             r1 1 position to t
                                                            he left
   29 00000028 E2422001        SUB              r2, r2, #1  ;Decrement the coun
                                                            ter
   30 0000002C EAFFFFF9        BAL              LOOP        ;Return to the loop
                                                             
   31 00000030         
   32 00000030 E59F4010 
                       STORE   LDR              r4,= 0x40001008 ;Load the stora
                                                            ge address
   33 00000034 E5C41000        STRB             r1, [r4]    ;Store the shifted 
                                                            value in r1 to r4



ARM Macro Assembler    Page 2 


   34 00000038 EAFFFFFF        BAL              stop
   35 0000003C         
   36 0000003C         ;*******************************************************
                       *****************
   37 0000003C         ;
   38 0000003C         ; an infinite loop because the processor continues to fe
                       tch instructions
   39 0000003C EAFFFFFE 
                       stop    BAL              stop
   40 00000040                 END                          ;END directive to s
                                                            how nothing more in
                                                             file
              40001000 
              40001004 
              40001008 
Command Line: --debug --xref --diag_suppress=9931 --apcs=interwork --depend=.\o
bjects\assembly2.d -o.\objects\assembly2.o -IC:\Keil_v5\ARM\RV31\INC -IC:\Keil_
v5\ARM\CMSIS\Include -IC:\Keil_v5\ARM\Inc\Philips --predefine="__EVAL SETA 1" -
-predefine="__UVISION_VERSION SETA 521" --list=.\listings\assembly2.lst Assembl
y2.s



ARM Macro Assembler    Page 1 Alphabetic symbol ordering
Relocatable symbols

Assembly1 00000000

Symbol: Assembly1
   Definitions
      At line 5 in file Assembly2.s
   Uses
      None
Comment: Assembly1 unused
LOOP 00000018

Symbol: LOOP
   Definitions
      At line 24 in file Assembly2.s
   Uses
      At line 30 in file Assembly2.s
Comment: LOOP used once
LSHIFT 00000024

Symbol: LSHIFT
   Definitions
      At line 28 in file Assembly2.s
   Uses
      At line 26 in file Assembly2.s
Comment: LSHIFT used once
STORE 00000030

Symbol: STORE
   Definitions
      At line 32 in file Assembly2.s
   Uses
      At line 25 in file Assembly2.s
Comment: STORE used once
__main 00000000

Symbol: __main
   Definitions
      At line 7 in file Assembly2.s
   Uses
      At line 6 in file Assembly2.s
Comment: __main used once
mystart 00000000

Symbol: mystart
   Definitions
      At line 9 in file Assembly2.s
   Uses
      None
Comment: mystart unused
stop 0000003C

Symbol: stop
   Definitions
      At line 39 in file Assembly2.s
   Uses
      At line 34 in file Assembly2.s
      At line 39 in file Assembly2.s

7 symbols
341 symbols in table
