


ARM Macro Assembler    Page 1 


    1 00000000         ;Simple Keil tools demonstration program
    2 00000000         ;Modified from J.R. Gibson (7/14/07)
    3 00000000         ;Modified by D. Egbert ver. 2.0 1/28/10
    4 00000000         ;
    5 00000000                 AREA             Assembly1, CODE, READONLY
    6 00000000                 EXPORT           __main
    7 00000000         __main
    8 00000000                 ENTRY
    9 00000000 E59F305C 
                       mystart LDR              r3,= 0x40001000 ;point to RAM l
                                                            ocation
   10 00000004         ;
   11 00000004         ;*******************************************************
                       *****************
   12 00000004         ; For other programs (projects) replace the code below w
                       ith new code.
   13 00000004         ; Leave the code outside the ******* lines as is for all
                        programs.
   14 00000004         ; begin initialize data
   15 00000004         
   16 00000004 E59F105C        LDR              r1,= 0x40001002 ;Load the count
                                                             address
   17 00000008 E5D11000        LDRB             r1, [r1]    ;Load the count val
                                                            ue
   18 0000000C         
   19 0000000C E59F4058        LDR              r4,= 0x40001010 ;Load the start
                                                             of the list
   20 00000010         
   21 00000010 E3A02000        LDR              r2,= 0      ; ;Set the incremen
                                                            tor to 0
   22 00000014         
   23 00000014 E59F5048        LDR              r5,= 0x40001000 
                                                            ;Smallest address
   24 00000018 E59F6050        LDR              r6,= 0x40001001 
                                                            ;Largest address
   25 0000001C         
   26 0000001C E1510002 
                       LOOP1   CMP              r1, r2      ;Compare the count 
                                                            to the incrementor
   27 00000020 0A00000E        BEQ              stop        ;If the count has r
                                                            eached the incremen
                                                            tor then end the pr
                                                            ogram
   28 00000024 CAFFFFFF        BGT              SCAN        ;Else do SCAN
   29 00000028         
   30 00000028 E7D47002 
                       SCAN    LDRB             r7, [r4, r2] ;Load the value at
                                                             the address r4 wit
                                                            h an offset of r2
   31 0000002C E1570005        CMP              r7, r5      ;Compare r7 to the 
                                                            lowest value
   32 00000030 9A000002        BLS              LESS        ;If less than, go t
                                                            o LESS
   33 00000034         
   34 00000034 E1570006        CMP              r7, r6      ;Compare r7 to the 
                                                            greatest value
   35 00000038 8A000003        BHI              GREAT       ;If greater, go to 
                                                            GREAT
   36 0000003C         



ARM Macro Assembler    Page 2 


   37 0000003C EA000005        BAL              NONE        ;Else always go to 
                                                            none (neither great
                                                            est nor least)
   38 00000040         
   39 00000040 E5C57000 
                       LESS    STRB             r7, [r5]    ;Store r7 as the ne
                                                            w smallest value
   40 00000044 E2822001        ADD              r2, r2, #1  ;Increment the incr
                                                            ementor
   41 00000048 EAFFFFF3        BAL              LOOP1       ;Restart the loop
   42 0000004C         
   43 0000004C E5C67000 
                       GREAT   STRB             r7, [r6]    ;STore r7 as the ne
                                                            w greatest value
   44 00000050 E2822001        ADD              r2, r2, #1  ;Increment the incr
                                                            ementor
   45 00000054 EAFFFFF0        BAL              LOOP1       ;Restart the loop
   46 00000058         
   47 00000058 E2822001 
                       NONE    ADD              r2, r2, #1  ;Increment the incr
                                                            ementor and go agai
                                                            n
   48 0000005C EAFFFFEE        BAL              LOOP1
   49 00000060         
   50 00000060         ;*******************************************************
                       *****************
   51 00000060         ;
   52 00000060         ; an infinite loop because the processor continues to fe
                       tch instructions
   53 00000060 EAFFFFFE 
                       stop    BAL              stop
   54 00000064                 END                          ;END directive to s
                                                            how nothing more in
                                                             file
              40001000 
              40001002 
              40001010 
              40001001 
Command Line: --debug --xref --diag_suppress=9931 --apcs=interwork --depend=.\o
bjects\assembly2.d -o.\objects\assembly2.o -IC:\Keil_v5\ARM\RV31\INC -IC:\Keil_
v5\ARM\CMSIS\Include -IC:\Keil_v5\ARM\Inc\Philips --predefine="__EVAL SETA 1" -
-predefine="__UVISION_VERSION SETA 521" --list=.\listings\assembly2.lst Assembl
y2.s



ARM Macro Assembler    Page 1 Alphabetic symbol ordering
Relocatable symbols

Assembly1 00000000

Symbol: Assembly1
   Definitions
      At line 5 in file Assembly2.s
   Uses
      None
Comment: Assembly1 unused
GREAT 0000004C

Symbol: GREAT
   Definitions
      At line 43 in file Assembly2.s
   Uses
      At line 35 in file Assembly2.s
Comment: GREAT used once
LESS 00000040

Symbol: LESS
   Definitions
      At line 39 in file Assembly2.s
   Uses
      At line 32 in file Assembly2.s
Comment: LESS used once
LOOP1 0000001C

Symbol: LOOP1
   Definitions
      At line 26 in file Assembly2.s
   Uses
      At line 41 in file Assembly2.s
      At line 45 in file Assembly2.s
      At line 48 in file Assembly2.s

NONE 00000058

Symbol: NONE
   Definitions
      At line 47 in file Assembly2.s
   Uses
      At line 37 in file Assembly2.s
Comment: NONE used once
SCAN 00000028

Symbol: SCAN
   Definitions
      At line 30 in file Assembly2.s
   Uses
      At line 28 in file Assembly2.s
Comment: SCAN used once
__main 00000000

Symbol: __main
   Definitions
      At line 7 in file Assembly2.s
   Uses
      At line 6 in file Assembly2.s
Comment: __main used once
mystart 00000000



ARM Macro Assembler    Page 2 Alphabetic symbol ordering
Relocatable symbols


Symbol: mystart
   Definitions
      At line 9 in file Assembly2.s
   Uses
      None
Comment: mystart unused
stop 00000060

Symbol: stop
   Definitions
      At line 53 in file Assembly2.s
   Uses
      At line 27 in file Assembly2.s
      At line 53 in file Assembly2.s

9 symbols
343 symbols in table
