


ARM Macro Assembler    Page 1 


    1 00000000         ;Simple Keil tools demonstration program
    2 00000000         ;Modified from J.R. Gibson (7/14/07)
    3 00000000         ;Modified by D. Egbert ver. 2.0 1/28/10
    4 00000000         ;
    5 00000000                 AREA             Assembly1, CODE, READONLY
    6 00000000                 EXPORT           __main
    7 00000000         __main
    8 00000000                 ENTRY
    9 00000000 E59F302C 
                       mystart LDR              r3,= 0x40001000 ;point to RAM l
                                                            ocation
   10 00000004         ;
   11 00000004         ;*******************************************************
                       *****************
   12 00000004         ; For other programs (projects) replace the code below w
                       ith new code.
   13 00000004         ; Leave the code outside the ******* lines as is for all
                        programs.
   14 00000004         ; begin initialize data
   15 00000004         
   16 00000004 E3A03000        LDR              r3,= 0      ;Set the incremento
                                                            r to 0
   17 00000008 E3A07000        LDR              r7,= 0      ;Set the count to 0
                                                            
   18 0000000C         
   19 0000000C E7D04003 
                       LOOP1   LDRB             r4, [r0, r3] ;Load the value at
                                                             r0 (address passed
                                                             to the program) wi
                                                            th offset of r3
   20 00000010 E3540000        CMP              r4, #0      ;Compare that value
                                                             to the null char
   21 00000014 0A000003        BEQ              STORE       ;If it is the null 
                                                            char then go to STO
                                                            RE
   22 00000018 1AFFFFFF        BNE              STRLEN      ;If it is not then 
                                                            go to STRLEN
   23 0000001C         
   24 0000001C E2877001 
                       STRLEN  ADD              r7, r7, #1  ;Increment the coun
                                                            t
   25 00000020 E2833001        ADD              r3, r3, #1  ;Increment the incr
                                                            ementor/offset
   26 00000024 EAFFFFF8        BAL              LOOP1       ;Restart the loop
   27 00000028         
   28 00000028 E2477001 
                       STORE   SUB              r7, r7, #1
   29 0000002C EAFFFFFF        BAL              stop
   30 00000030         
   31 00000030         
   32 00000030         ;*******************************************************
                       *****************
   33 00000030         ;
   34 00000030         ; an infinite loop because the processor continues to fe
                       tch instructions
   35 00000030 EAFFFFFE 
                       stop    BAL              stop
   36 00000034                 END                          ;END directive to s
                                                            how nothing more in



ARM Macro Assembler    Page 2 


                                                             file
              40001000 
Command Line: --debug --xref --diag_suppress=9931 --apcs=interwork --depend=.\o
bjects\assembly2.d -o.\objects\assembly2.o -IC:\Keil_v5\ARM\RV31\INC -IC:\Keil_
v5\ARM\CMSIS\Include -IC:\Keil_v5\ARM\Inc\Philips --predefine="__EVAL SETA 1" -
-predefine="__UVISION_VERSION SETA 521" --list=.\listings\assembly2.lst Assembl
y2.s



ARM Macro Assembler    Page 1 Alphabetic symbol ordering
Relocatable symbols

Assembly1 00000000

Symbol: Assembly1
   Definitions
      At line 5 in file Assembly2.s
   Uses
      None
Comment: Assembly1 unused
LOOP1 0000000C

Symbol: LOOP1
   Definitions
      At line 19 in file Assembly2.s
   Uses
      At line 26 in file Assembly2.s
Comment: LOOP1 used once
STORE 00000028

Symbol: STORE
   Definitions
      At line 28 in file Assembly2.s
   Uses
      At line 21 in file Assembly2.s
Comment: STORE used once
STRLEN 0000001C

Symbol: STRLEN
   Definitions
      At line 24 in file Assembly2.s
   Uses
      At line 22 in file Assembly2.s
Comment: STRLEN used once
__main 00000000

Symbol: __main
   Definitions
      At line 7 in file Assembly2.s
   Uses
      At line 6 in file Assembly2.s
Comment: __main used once
mystart 00000000

Symbol: mystart
   Definitions
      At line 9 in file Assembly2.s
   Uses
      None
Comment: mystart unused
stop 00000030

Symbol: stop
   Definitions
      At line 35 in file Assembly2.s
   Uses
      At line 29 in file Assembly2.s
      At line 35 in file Assembly2.s

7 symbols
341 symbols in table
