


ARM Macro Assembler    Page 1 


    1 00000000         ;Simple Keil tools demonstration program
    2 00000000         ;Modified from J.R. Gibson (7/14/07)
    3 00000000         ;Modified by D. Egbert ver. 2.0 1/28/10
    4 00000000         ;
    5 00000000                 AREA             Assembly1, CODE, READONLY
    6 00000000                 EXPORT           __main
    7 00000000         __main
    8 00000000                 ENTRY
    9 00000000 E59F3058 
                       mystart LDR              r3,= 0x40001000 ;point to RAM l
                                                            ocation
   10 00000004         ;
   11 00000004         ;*******************************************************
                       *****************
   12 00000004         ; For other programs (projects) replace the code below w
                       ith new code.
   13 00000004         ; Leave the code outside the ******* lines as is for all
                        programs.
   14 00000004         ; begin initialize data
   15 00000004         
   16 00000004 E59F1058        LDR              r1,= 0x40001004 ;Load the value
                                                             address
   17 00000008 E5D11000        LDRB             r1, [r1]    ;Load the value at 
                                                            the address
   18 0000000C         
   19 0000000C E3A07000        LDR              r7,= 0      ;Set the count to 0
                                                            
   20 00000010 E3A08000        LDR              r8,= 0      ;Set the bit tracke
                                                            r to 0
   21 00000014         
   22 00000014 E5912000 
                       CHECK   LDR              r2, [r1]    ;Set r2 equal to r1
                                                            
   23 00000018 E5913000        LDR              r3, [r1]    ;Set r3 equal to r1
                                                            
   24 0000001C         
   25 0000001C E2433001        SUB              r3, r3, #1  ;Subtract 1 from r3
                                                            
   26 00000020 E0424003        SUB              r4, r2, r3  ;Do r2 - r3, will e
                                                            ither be 0 - 1 or 1
                                                             - 0 at the 0th bit
                                                            
   27 00000024         
   28 00000024 E3540000        CMP              r4, #0
   29 00000028 CA000000        BGT              ONES        ;r2 - r3 had a diff
                                                            erence of +1, meani
                                                            ng that r2 has a 1 
                                                            in the right bit.
   30 0000002C BA000002        BLT              ZERO        ;There is a 0 in th
                                                            e left bit
   31 00000030         
   32 00000030 E2877001 
                       ONES    ADD              r7, r7, #1  ;Add one to the cou
                                                            nt
   33 00000034 E1A010A1        LSR              r1, #1      ;Shift r1 to the ri
                                                            ght so that a new b
                                                            it is at the right 
                                                            bit
   34 00000038 EA000001        BAL              CHECK2



ARM Macro Assembler    Page 2 


   35 0000003C         
   36 0000003C E1A010A1 
                       ZERO    LSR              r1, #1      ;Shift r1 to the ri
                                                            ght
   37 00000040 EAFFFFFF        BAL              CHECK2
   38 00000044         
   39 00000044 E2888001 
                       CHECK2  ADD              r8, r8, #1  ;Add one to the bit
                                                             tracker
   40 00000048         
   41 00000048 E358001F        CMP              r8, #31     ;Make sure we aren'
                                                            t out of bounds
   42 0000004C 0A000000        BEQ              STORE       ;If we've checked t
                                                            he last bit go to S
                                                            TORE
   43 00000050 1AFFFFEF        BNE              CHECK       ;Else continue the 
                                                            loop
   44 00000054         
   45 00000054 E59F1004 
                       STORE   LDR              r1,= 0x40001000 ;Load the count
                                                             address
   46 00000058 E5C17000        STRB             r7, [r1]    ;Store the count
   47 0000005C         
   48 0000005C         
   49 0000005C         
   50 0000005C         ;*******************************************************
                       *****************
   51 0000005C         ;
   52 0000005C         ; an infinite loop because the processor continues to fe
                       tch instructions
   53 0000005C EAFFFFFE 
                       stop    BAL              stop
   54 00000060                 END                          ;END directive to s
                                                            how nothing more in
                                                             file
              40001000 
              40001004 
Command Line: --debug --xref --diag_suppress=9931 --apcs=interwork --depend=.\o
bjects\assembly2.d -o.\objects\assembly2.o -IC:\Keil_v5\ARM\RV31\INC -IC:\Keil_
v5\ARM\CMSIS\Include -IC:\Keil_v5\ARM\Inc\Philips --predefine="__EVAL SETA 1" -
-predefine="__UVISION_VERSION SETA 521" --list=.\listings\assembly2.lst Assembl
y2.s



ARM Macro Assembler    Page 1 Alphabetic symbol ordering
Relocatable symbols

Assembly1 00000000

Symbol: Assembly1
   Definitions
      At line 5 in file Assembly2.s
   Uses
      None
Comment: Assembly1 unused
CHECK 00000014

Symbol: CHECK
   Definitions
      At line 22 in file Assembly2.s
   Uses
      At line 43 in file Assembly2.s
Comment: CHECK used once
CHECK2 00000044

Symbol: CHECK2
   Definitions
      At line 39 in file Assembly2.s
   Uses
      At line 34 in file Assembly2.s
      At line 37 in file Assembly2.s

ONES 00000030

Symbol: ONES
   Definitions
      At line 32 in file Assembly2.s
   Uses
      At line 29 in file Assembly2.s
Comment: ONES used once
STORE 00000054

Symbol: STORE
   Definitions
      At line 45 in file Assembly2.s
   Uses
      At line 42 in file Assembly2.s
Comment: STORE used once
ZERO 0000003C

Symbol: ZERO
   Definitions
      At line 36 in file Assembly2.s
   Uses
      At line 30 in file Assembly2.s
Comment: ZERO used once
__main 00000000

Symbol: __main
   Definitions
      At line 7 in file Assembly2.s
   Uses
      At line 6 in file Assembly2.s
Comment: __main used once
mystart 00000000




ARM Macro Assembler    Page 2 Alphabetic symbol ordering
Relocatable symbols

Symbol: mystart
   Definitions
      At line 9 in file Assembly2.s
   Uses
      None
Comment: mystart unused
stop 0000005C

Symbol: stop
   Definitions
      At line 53 in file Assembly2.s
   Uses
      At line 53 in file Assembly2.s
Comment: stop used once
9 symbols
343 symbols in table
