


ARM Macro Assembler    Page 1 


    1 00000000         ;Simple Keil tools demonstration program
    2 00000000         ;Modified from J.R. Gibson (7/14/07)
    3 00000000         ;Modified by D. Egbert ver. 2.0 1/28/10
    4 00000000         ;
    5 00000000                 AREA             Assembly1, CODE, READONLY
    6 00000000                 EXPORT           __main
    7 00000000         __main
    8 00000000                 ENTRY
    9 00000000 E59F3050 
                       mystart LDR              r3,= 0x40001000 ;point to RAM l
                                                            ocation
   10 00000004         ;
   11 00000004         ;*******************************************************
                       *****************
   12 00000004         ; For other programs (projects) replace the code below w
                       ith new code.
   13 00000004         ; Leave the code outside the ******* lines as is for all
                        programs.
   14 00000004         ; begin initialize data
   15 00000004         
   16 00000004 E59F104C        LDR              r1,= 0x40001000 ;Load the count
                                                             address
   17 00000008 E5911000        LDR              r1, [r1]    ;Load the count val
                                                            ue from the address
                                                            
   18 0000000C         
   19 0000000C E3A02000        LDR              r2,= 0      ;Set the tracked va
                                                            lue to 0
   20 00000010 E3A03000        LDR              r3,= 0      ;Set the greatest s
                                                            torage to 0
   21 00000014         
   22 00000014 E59F4040        LDR              r4,= 0x40001010 ;Load the list 
                                                            start address
   23 00000018         
   24 00000018 E1510002 
                       LOOP1   CMP              r1, r2      ;Compare the count 
                                                            to the tracked valu
                                                            e
   25 0000001C 0A000009        BEQ              STORE       ;If r1 equal r2 the
                                                            n the loop is done,
                                                             jump to STORE
   26 00000020 CAFFFFFF        BGT              FIND32      ;If r1 is still gre
                                                            ater then the loop 
                                                            must go again, go t
                                                            o LOOP2
   27 00000024         
   28 00000024 E7945002 
                       FIND32  LDR              r5, [r4, r2] ;Load the value at
                                                             r4 with an offset 
                                                            of the incrementor
   29 00000028 E1550003        CMP              r5, r3      ;Compare the loaded
                                                             value to the curre
                                                            nt greatest value
   30 0000002C CA000000        BGT              GREAT       ;If the new value i
                                                            s greater than the 
                                                            greatest go to GREA
                                                            T
   31 00000030 BA000002        BLT              LESS        ;IF the new value i
                                                            s less then go to L



ARM Macro Assembler    Page 2 


                                                            ESS
   32 00000034         
   33 00000034 E5953000 
                       GREAT   LDR              r3, [r5]    ;Replace the value 
                                                            at r3 with the new 
                                                            value at r5
   34 00000038 E2822001        ADD              r2, r2, #1  ;Add one to the inc
                                                            rementor
   35 0000003C EAFFFFF5        BAL              LOOP1       ;Restart the main l
                                                            oop
   36 00000040         
   37 00000040 E2822001 
                       LESS    ADD              r2, r2, #1  ;Add one to the inc
                                                            rementor
   38 00000044 EAFFFFF3        BAL              LOOP1       ;Restart the main l
                                                            oop
   39 00000048         
   40 00000048 E59F1010 
                       STORE   LDR              r1,= 0x40001002 ;Load the stora
                                                            ge address
   41 0000004C E5813000        STR              r3, [r1]    ;Store the greatest
                                                             value into the add
                                                            ress
   42 00000050 EAFFFFFF        BAL              stop
   43 00000054         
   44 00000054         
   45 00000054         ;*******************************************************
                       *****************
   46 00000054         ;
   47 00000054         ; an infinite loop because the processor continues to fe
                       tch instructions
   48 00000054 EAFFFFFE 
                       stop    BAL              stop
   49 00000058                 END                          ;END directive to s
                                                            how nothing more in
                                                             file
              40001000 
              40001010 
              40001002 
Command Line: --debug --xref --diag_suppress=9931 --apcs=interwork --depend=.\o
bjects\assembly2.d -o.\objects\assembly2.o -IC:\Keil_v5\ARM\RV31\INC -IC:\Keil_
v5\ARM\CMSIS\Include -IC:\Keil_v5\ARM\Inc\Philips --predefine="__EVAL SETA 1" -
-predefine="__UVISION_VERSION SETA 521" --list=.\listings\assembly2.lst Assembl
y2.s



ARM Macro Assembler    Page 1 Alphabetic symbol ordering
Relocatable symbols

Assembly1 00000000

Symbol: Assembly1
   Definitions
      At line 5 in file Assembly2.s
   Uses
      None
Comment: Assembly1 unused
FIND32 00000024

Symbol: FIND32
   Definitions
      At line 28 in file Assembly2.s
   Uses
      At line 26 in file Assembly2.s
Comment: FIND32 used once
GREAT 00000034

Symbol: GREAT
   Definitions
      At line 33 in file Assembly2.s
   Uses
      At line 30 in file Assembly2.s
Comment: GREAT used once
LESS 00000040

Symbol: LESS
   Definitions
      At line 37 in file Assembly2.s
   Uses
      At line 31 in file Assembly2.s
Comment: LESS used once
LOOP1 00000018

Symbol: LOOP1
   Definitions
      At line 24 in file Assembly2.s
   Uses
      At line 35 in file Assembly2.s
      At line 38 in file Assembly2.s

STORE 00000048

Symbol: STORE
   Definitions
      At line 40 in file Assembly2.s
   Uses
      At line 25 in file Assembly2.s
Comment: STORE used once
__main 00000000

Symbol: __main
   Definitions
      At line 7 in file Assembly2.s
   Uses
      At line 6 in file Assembly2.s
Comment: __main used once
mystart 00000000




ARM Macro Assembler    Page 2 Alphabetic symbol ordering
Relocatable symbols

Symbol: mystart
   Definitions
      At line 9 in file Assembly2.s
   Uses
      None
Comment: mystart unused
stop 00000054

Symbol: stop
   Definitions
      At line 48 in file Assembly2.s
   Uses
      At line 42 in file Assembly2.s
      At line 48 in file Assembly2.s

9 symbols
343 symbols in table
